2026-06-14 08:09:56.6197|INFO|WordQuest.Program|================================================== 
2026-06-14 08:09:57.2785|INFO|WordQuest.Program|WordQuest App Started. Version: 1.0.0 
2026-06-14 08:10:02.1562|ERROR|WordQuest.DAL.DatabaseHelper|ThucThiTraBang failed. SQL: SELECT MaChuDe, TenChuDe, BieuTuongChuDe, SaoDeMoKhoa, MaChuDeCha, ThuTuSapXep FROM Topics ORDER BY ThuTuSapXep, TenChuDe Microsoft.Data.SqlClient.SqlException (0x80131904): Invalid column name 'MaChuDe'.
Invalid column name 'TenChuDe'.
Invalid column name 'BieuTuongChuDe'.
Invalid column name 'SaoDeMoKhoa'.
Invalid column name 'MaChuDeCha'.
Invalid column name 'ThuTuSapXep'.
   at Microsoft.Data.SqlClient.SqlConnection.OnError(SqlException exception, Boolean breakConnection, Action`1 wrapCloseInAction)
   at Microsoft.Data.SqlClient.SqlInternalConnection.OnError(SqlException exception, Boolean breakConnection, Action`1 wrapCloseInAction)
   at Microsoft.Data.SqlClient.TdsParser.ThrowExceptionAndWarning(TdsParserStateObject stateObj, SqlCommand command, Boolean callerHasConnectionLock, Boolean asyncClose)
   at Microsoft.Data.SqlClient.TdsParser.TryRun(RunBehavior runBehavior, SqlCommand cmdHandler, SqlDataReader dataStream, BulkCopySimpleResultSet bulkCopyHandler, TdsParserStateObject stateObj, Boolean& dataReady)
   at Microsoft.Data.SqlClient.SqlDataReader.TryConsumeMetaData()
   at Microsoft.Data.SqlClient.SqlDataReader.get_MetaData()
   at Microsoft.Data.SqlClient.SqlCommand.FinishExecuteReader(SqlDataReader ds, RunBehavior runBehavior, String resetOptionsString, Boolean isInternal, Boolean forDescribeParameterEncryption, Boolean shouldCacheForAlwaysEncrypted)
   at Microsoft.Data.SqlClient.SqlCommand.RunExecuteReaderTds(CommandBehavior cmdBehavior, RunBehavior runBehavior, Boolean returnStream, Boolean isAsync, Int32 timeout, Task& task, Boolean asyncWrite, Boolean inRetry, SqlDataReader ds, Boolean describeParameterEncryptionRequest)
   at Microsoft.Data.SqlClient.SqlCommand.RunExecuteReader(CommandBehavior cmdBehavior, RunBehavior runBehavior, Boolean returnStream, TaskCompletionSource`1 completion, Int32 timeout, Task& task, Boolean& usedCache, Boolean asyncWrite, Boolean inRetry, String method)
   at Microsoft.Data.SqlClient.SqlCommand.RunExecuteReader(CommandBehavior cmdBehavior, RunBehavior runBehavior, Boolean returnStream, String method)
   at Microsoft.Data.SqlClient.SqlCommand.ExecuteReader(CommandBehavior behavior)
   at Microsoft.Data.SqlClient.SqlCommand.ExecuteDbDataReader(CommandBehavior behavior)
   at System.Data.Common.DbDataAdapter.FillInternal(DataSet dataset, DataTable[] datatables, Int32 startRecord, Int32 maxRecords, String srcTable, IDbCommand command, CommandBehavior behavior)
   at System.Data.Common.DbDataAdapter.Fill(DataTable[] dataTables, Int32 startRecord, Int32 maxRecords, IDbCommand command, CommandBehavior behavior)
   at System.Data.Common.DbDataAdapter.Fill(DataTable dataTable)
   at WordQuest.DAL.DatabaseHelper.ThucThiTraBang(String sql, SqlParameter[] cacThamSo) in D:\Program_D\Dự án mới\WordQuest_1 - đang làm - Copy\WordQuest\DAL\DatabaseHelper.cs:line 128
ClientConnectionId:6044a6b3-5652-4b12-a0f3-1e1ce62ff356
Error Number:207,State:1,Class:16
2026-06-14 08:17:48.0552|INFO|WordQuest.Program|================================================== 
2026-06-14 08:17:48.1066|INFO|WordQuest.Program|WordQuest App Started. Version: 1.0.0 
2026-06-14 08:17:54.9475|ERROR|WordQuest.DAL.DatabaseHelper|ThucThiTraBang failed. SQL: SELECT MaMuc, SoMuc, TenMuc, DoKho, CheDo, SoCauHoi FROM Levels WHERE MaChuDe = @tid ORDER BY SoMuc Microsoft.Data.SqlClient.SqlException (0x80131904): Invalid column name 'DoKho'.
Invalid column name 'CheDo'.
Invalid column name 'SoCauHoi'.
   at Microsoft.Data.SqlClient.SqlConnection.OnError(SqlException exception, Boolean breakConnection, Action`1 wrapCloseInAction)
   at Microsoft.Data.SqlClient.SqlInternalConnection.OnError(SqlException exception, Boolean breakConnection, Action`1 wrapCloseInAction)
   at Microsoft.Data.SqlClient.TdsParser.ThrowExceptionAndWarning(TdsParserStateObject stateObj, SqlCommand command, Boolean callerHasConnectionLock, Boolean asyncClose)
   at Microsoft.Data.SqlClient.TdsParser.TryRun(RunBehavior runBehavior, SqlCommand cmdHandler, SqlDataReader dataStream, BulkCopySimpleResultSet bulkCopyHandler, TdsParserStateObject stateObj, Boolean& dataReady)
   at Microsoft.Data.SqlClient.SqlDataReader.TryConsumeMetaData()
   at Microsoft.Data.SqlClient.SqlDataReader.get_MetaData()
   at Microsoft.Data.SqlClient.SqlCommand.FinishExecuteReader(SqlDataReader ds, RunBehavior runBehavior, String resetOptionsString, Boolean isInternal, Boolean forDescribeParameterEncryption, Boolean shouldCacheForAlwaysEncrypted)
   at Microsoft.Data.SqlClient.SqlCommand.RunExecuteReaderTds(CommandBehavior cmdBehavior, RunBehavior runBehavior, Boolean returnStream, Boolean isAsync, Int32 timeout, Task& task, Boolean asyncWrite, Boolean inRetry, SqlDataReader ds, Boolean describeParameterEncryptionRequest)
   at Microsoft.Data.SqlClient.SqlCommand.RunExecuteReader(CommandBehavior cmdBehavior, RunBehavior runBehavior, Boolean returnStream, TaskCompletionSource`1 completion, Int32 timeout, Task& task, Boolean& usedCache, Boolean asyncWrite, Boolean inRetry, String method)
   at Microsoft.Data.SqlClient.SqlCommand.RunExecuteReader(CommandBehavior cmdBehavior, RunBehavior runBehavior, Boolean returnStream, String method)
   at Microsoft.Data.SqlClient.SqlCommand.ExecuteReader(CommandBehavior behavior)
   at Microsoft.Data.SqlClient.SqlCommand.ExecuteDbDataReader(CommandBehavior behavior)
   at System.Data.Common.DbDataAdapter.FillInternal(DataSet dataset, DataTable[] datatables, Int32 startRecord, Int32 maxRecords, String srcTable, IDbCommand command, CommandBehavior behavior)
   at System.Data.Common.DbDataAdapter.Fill(DataTable[] dataTables, Int32 startRecord, Int32 maxRecords, IDbCommand command, CommandBehavior behavior)
   at System.Data.Common.DbDataAdapter.Fill(DataTable dataTable)
   at WordQuest.DAL.DatabaseHelper.ThucThiTraBang(String sql, SqlParameter[] cacThamSo) in D:\Program_D\Dự án mới\WordQuest_1 - đang làm - Copy\WordQuest\DAL\DatabaseHelper.cs:line 128
ClientConnectionId:d790054b-5de9-4446-8bf8-fdab8db5c0ea
Error Number:207,State:1,Class:16
2026-06-14 08:20:31.8724|INFO|WordQuest.Program|================================================== 
2026-06-14 08:20:31.9213|INFO|WordQuest.Program|WordQuest App Started. Version: 1.0.0 
2026-06-14 08:29:10.4611|INFO|WordQuest.Program|================================================== 
2026-06-14 08:29:10.5407|INFO|WordQuest.Program|WordQuest App Started. Version: 1.0.0 
2026-06-14 09:36:51.4975|INFO|WordQuest.Program|================================================== 
2026-06-14 09:36:52.1820|INFO|WordQuest.Program|WordQuest App Started. Version: 1.0.0 
2026-06-14 09:36:58.6250|ERROR|WordQuest.DAL.DatabaseHelper|ExecuteQuery failed. SQL: SELECT TopicID, TopicName, TopicIcon, StarsToUnlock, ParentID, SortOrder FROM Topics ORDER BY SortOrder, TopicName Microsoft.Data.SqlClient.SqlException (0x80131904): Invalid column name 'TopicID'.
Invalid column name 'TopicName'.
Invalid column name 'TopicIcon'.
Invalid column name 'StarsToUnlock'.
Invalid column name 'ParentID'.
Invalid column name 'SortOrder'.
   at Microsoft.Data.SqlClient.SqlConnection.OnError(SqlException exception, Boolean breakConnection, Action`1 wrapCloseInAction)
   at Microsoft.Data.SqlClient.SqlInternalConnection.OnError(SqlException exception, Boolean breakConnection, Action`1 wrapCloseInAction)
   at Microsoft.Data.SqlClient.TdsParser.ThrowExceptionAndWarning(TdsParserStateObject stateObj, SqlCommand command, Boolean callerHasConnectionLock, Boolean asyncClose)
   at Microsoft.Data.SqlClient.TdsParser.TryRun(RunBehavior runBehavior, SqlCommand cmdHandler, SqlDataReader dataStream, BulkCopySimpleResultSet bulkCopyHandler, TdsParserStateObject stateObj, Boolean& dataReady)
   at Microsoft.Data.SqlClient.SqlDataReader.TryConsumeMetaData()
   at Microsoft.Data.SqlClient.SqlDataReader.get_MetaData()
   at Microsoft.Data.SqlClient.SqlCommand.FinishExecuteReader(SqlDataReader ds, RunBehavior runBehavior, String resetOptionsString, Boolean isInternal, Boolean forDescribeParameterEncryption, Boolean shouldCacheForAlwaysEncrypted)
   at Microsoft.Data.SqlClient.SqlCommand.RunExecuteReaderTds(CommandBehavior cmdBehavior, RunBehavior runBehavior, Boolean returnStream, Boolean isAsync, Int32 timeout, Task& task, Boolean asyncWrite, Boolean inRetry, SqlDataReader ds, Boolean describeParameterEncryptionRequest)
   at Microsoft.Data.SqlClient.SqlCommand.RunExecuteReader(CommandBehavior cmdBehavior, RunBehavior runBehavior, Boolean returnStream, TaskCompletionSource`1 completion, Int32 timeout, Task& task, Boolean& usedCache, Boolean asyncWrite, Boolean inRetry, String method)
   at Microsoft.Data.SqlClient.SqlCommand.RunExecuteReader(CommandBehavior cmdBehavior, RunBehavior runBehavior, Boolean returnStream, String method)
   at Microsoft.Data.SqlClient.SqlCommand.ExecuteReader(CommandBehavior behavior)
   at Microsoft.Data.SqlClient.SqlCommand.ExecuteDbDataReader(CommandBehavior behavior)
   at System.Data.Common.DbDataAdapter.FillInternal(DataSet dataset, DataTable[] datatables, Int32 startRecord, Int32 maxRecords, String srcTable, IDbCommand command, CommandBehavior behavior)
   at System.Data.Common.DbDataAdapter.Fill(DataTable[] dataTables, Int32 startRecord, Int32 maxRecords, IDbCommand command, CommandBehavior behavior)
   at System.Data.Common.DbDataAdapter.Fill(DataTable dataTable)
   at WordQuest.DAL.DatabaseHelper.ExecuteQuery(String sql, SqlParameter[] parameters) in D:\Program_D\Dự án mới\WordQuest_1 - đang làm - Copy\WordQuest\DAL\DatabaseHelper.cs:line 128
ClientConnectionId:a1249c13-0c00-43e6-a332-da1197d7f258
Error Number:207,State:1,Class:16
2026-06-14 09:51:11.4618|INFO|WordQuest.Program|================================================== 
2026-06-14 09:51:11.5078|INFO|WordQuest.Program|WordQuest App Started. Version: 1.0.0 
2026-06-14 09:51:19.2133|ERROR|WordQuest.DAL.DatabaseHelper|ExecuteScalarAsync failed. SQL: SELECT ImageData FROM Images WHERE ImageID = @id Microsoft.Data.SqlClient.SqlException (0x80131904): Invalid column name 'ImageID'.
   at Microsoft.Data.SqlClient.SqlConnection.OnError(SqlException exception, Boolean breakConnection, Action`1 wrapCloseInAction)
   at Microsoft.Data.SqlClient.SqlInternalConnection.OnError(SqlException exception, Boolean breakConnection, Action`1 wrapCloseInAction)
   at Microsoft.Data.SqlClient.TdsParser.ThrowExceptionAndWarning(TdsParserStateObject stateObj, SqlCommand command, Boolean callerHasConnectionLock, Boolean asyncClose)
   at Microsoft.Data.SqlClient.TdsParser.TryRun(RunBehavior runBehavior, SqlCommand cmdHandler, SqlDataReader dataStream, BulkCopySimpleResultSet bulkCopyHandler, TdsParserStateObject stateObj, Boolean& dataReady)
   at Microsoft.Data.SqlClient.SqlDataReader.TryConsumeMetaData()
   at Microsoft.Data.SqlClient.SqlDataReader.get_MetaData()
   at Microsoft.Data.SqlClient.SqlCommand.FinishExecuteReader(SqlDataReader ds, RunBehavior runBehavior, String resetOptionsString, Boolean isInternal, Boolean forDescribeParameterEncryption, Boolean shouldCacheForAlwaysEncrypted)
   at Microsoft.Data.SqlClient.SqlCommand.CompleteAsyncExecuteReader(Boolean isInternal, Boolean forDescribeParameterEncryption)
   at Microsoft.Data.SqlClient.SqlCommand.InternalEndExecuteReader(IAsyncResult asyncResult, Boolean isInternal, String endMethod)
   at Microsoft.Data.SqlClient.SqlCommand.EndExecuteReaderInternal(IAsyncResult asyncResult)
   at Microsoft.Data.SqlClient.SqlCommand.EndExecuteReaderAsync(IAsyncResult asyncResult)
   at Microsoft.Data.SqlClient.SqlCommand.<>c.<InternalExecuteReaderAsync>b__201_1(IAsyncResult asyncResult)
   at System.Threading.Tasks.TaskFactory`1.FromAsyncCoreLogic(IAsyncResult iar, Func`2 endFunction, Action`1 endAction, Task`1 promise, Boolean requiresSynchronization)
--- End of stack trace from previous location ---
   at WordQuest.DAL.DatabaseHelper.ExecuteScalarAsync(String sql, SqlParameter[] parameters, SqlTransaction transaction) in D:\Program_D\Dự án mới\WordQuest_1 - đang làm - Copy\WordQuest\DAL\DatabaseHelper.cs:line 109
ClientConnectionId:9534a08a-5ac2-4382-8da0-dc8fd38df414
Error Number:207,State:1,Class:16
2026-06-14 09:51:26.7025|ERROR|WordQuest.DAL.DatabaseHelper|ExecuteScalarAsync failed. SQL: SELECT ImageData FROM Images WHERE ImageID = @id Microsoft.Data.SqlClient.SqlException (0x80131904): Invalid column name 'ImageID'.
   at Microsoft.Data.SqlClient.SqlConnection.OnError(SqlException exception, Boolean breakConnection, Action`1 wrapCloseInAction)
   at Microsoft.Data.SqlClient.SqlInternalConnection.OnError(SqlException exception, Boolean breakConnection, Action`1 wrapCloseInAction)
   at Microsoft.Data.SqlClient.TdsParser.ThrowExceptionAndWarning(TdsParserStateObject stateObj, SqlCommand command, Boolean callerHasConnectionLock, Boolean asyncClose)
   at Microsoft.Data.SqlClient.TdsParser.TryRun(RunBehavior runBehavior, SqlCommand cmdHandler, SqlDataReader dataStream, BulkCopySimpleResultSet bulkCopyHandler, TdsParserStateObject stateObj, Boolean& dataReady)
   at Microsoft.Data.SqlClient.SqlDataReader.TryConsumeMetaData()
   at Microsoft.Data.SqlClient.SqlDataReader.get_MetaData()
   at Microsoft.Data.SqlClient.SqlCommand.FinishExecuteReader(SqlDataReader ds, RunBehavior runBehavior, String resetOptionsString, Boolean isInternal, Boolean forDescribeParameterEncryption, Boolean shouldCacheForAlwaysEncrypted)
   at Microsoft.Data.SqlClient.SqlCommand.CompleteAsyncExecuteReader(Boolean isInternal, Boolean forDescribeParameterEncryption)
   at Microsoft.Data.SqlClient.SqlCommand.InternalEndExecuteReader(IAsyncResult asyncResult, Boolean isInternal, String endMethod)
   at Microsoft.Data.SqlClient.SqlCommand.EndExecuteReaderInternal(IAsyncResult asyncResult)
   at Microsoft.Data.SqlClient.SqlCommand.EndExecuteReaderAsync(IAsyncResult asyncResult)
   at Microsoft.Data.SqlClient.SqlCommand.<>c.<InternalExecuteReaderAsync>b__201_1(IAsyncResult asyncResult)
   at System.Threading.Tasks.TaskFactory`1.FromAsyncCoreLogic(IAsyncResult iar, Func`2 endFunction, Action`1 endAction, Task`1 promise, Boolean requiresSynchronization)
--- End of stack trace from previous location ---
   at WordQuest.DAL.DatabaseHelper.ExecuteScalarAsync(String sql, SqlParameter[] parameters, SqlTransaction transaction) in D:\Program_D\Dự án mới\WordQuest_1 - đang làm - Copy\WordQuest\DAL\DatabaseHelper.cs:line 109
ClientConnectionId:9534a08a-5ac2-4382-8da0-dc8fd38df414
Error Number:207,State:1,Class:16
2026-06-14 09:54:33.6200|INFO|WordQuest.Program|================================================== 
2026-06-14 09:54:33.6830|INFO|WordQuest.Program|WordQuest App Started. Version: 1.0.0 
2026-06-14 09:54:52.2378|ERROR|WordQuest.DAL.DatabaseHelper|ExecuteQuery failed. SQL: SELECT TOP 1000 w.MaTu AS WordID, w.MaChuDe AS TopicID, t.TenChuDe AS TopicName,
                          w.TiengAnh AS EnglishWord, w.PhienAm AS Phonetic, w.NghiaTiengViet AS VietnameseMeaning,
                          w.DoKho AS DifficultyLevel, w.BieuTuong AS EmojiIcon, w.DuongDanAnh AS ImagePath, w.MaAnh AS ImageID
                   FROM Words w
                   INNER JOIN Topics t ON w.MaChuDe = t.MaChuDe
                   WHERE 1=1 AND w.DoKho = @diff ORDER BY t.TenChuDe, w.TiengAnh Microsoft.Data.SqlClient.SqlException (0x80131904): Conversion failed when converting the nvarchar value 'Táº¥t cáº£' to data type int.
   at Microsoft.Data.SqlClient.SqlConnection.OnError(SqlException exception, Boolean breakConnection, Action`1 wrapCloseInAction)
   at Microsoft.Data.SqlClient.SqlInternalConnection.OnError(SqlException exception, Boolean breakConnection, Action`1 wrapCloseInAction)
   at Microsoft.Data.SqlClient.TdsParser.ThrowExceptionAndWarning(TdsParserStateObject stateObj, SqlCommand command, Boolean callerHasConnectionLock, Boolean asyncClose)
   at Microsoft.Data.SqlClient.TdsParser.TryRun(RunBehavior runBehavior, SqlCommand cmdHandler, SqlDataReader dataStream, BulkCopySimpleResultSet bulkCopyHandler, TdsParserStateObject stateObj, Boolean& dataReady)
   at Microsoft.Data.SqlClient.SqlDataReader.TryHasMoreRows(Boolean& moreRows)
   at Microsoft.Data.SqlClient.SqlDataReader.TryReadInternal(Boolean setTimeout, Boolean& more)
   at Microsoft.Data.SqlClient.SqlDataReader.Read()
   at System.Data.Common.DataAdapter.FillLoadDataRow(SchemaMapping mapping)
   at System.Data.Common.DataAdapter.FillFromReader(DataSet dataset, DataTable datatable, String srcTable, DataReaderContainer dataReader, Int32 startRecord, Int32 maxRecords, DataColumn parentChapterColumn, Object parentChapterValue)
   at System.Data.Common.DataAdapter.Fill(DataTable[] dataTables, IDataReader dataReader, Int32 startRecord, Int32 maxRecords)
   at System.Data.Common.DbDataAdapter.FillInternal(DataSet dataset, DataTable[] datatables, Int32 startRecord, Int32 maxRecords, String srcTable, IDbCommand command, CommandBehavior behavior)
   at System.Data.Common.DbDataAdapter.Fill(DataTable[] dataTables, Int32 startRecord, Int32 maxRecords, IDbCommand command, CommandBehavior behavior)
   at System.Data.Common.DbDataAdapter.Fill(DataTable dataTable)
   at WordQuest.DAL.DatabaseHelper.ExecuteQuery(String sql, SqlParameter[] parameters) in D:\Program_D\Dự án mới\WordQuest_1 - đang làm - Copy\WordQuest\DAL\DatabaseHelper.cs:line 128
ClientConnectionId:9d7b7410-a4d9-4476-ab5a-91651a21275d
Error Number:245,State:1,Class:16
2026-06-14 09:54:57.0982|FATAL|WordQuest.Program|Unhandled ThreadException occurred. Microsoft.Data.SqlClient.SqlException (0x80131904): Conversion failed when converting the nvarchar value 'Táº¥t cáº£' to data type int.
   at Microsoft.Data.SqlClient.SqlConnection.OnError(SqlException exception, Boolean breakConnection, Action`1 wrapCloseInAction)
   at Microsoft.Data.SqlClient.SqlInternalConnection.OnError(SqlException exception, Boolean breakConnection, Action`1 wrapCloseInAction)
   at Microsoft.Data.SqlClient.TdsParser.ThrowExceptionAndWarning(TdsParserStateObject stateObj, SqlCommand command, Boolean callerHasConnectionLock, Boolean asyncClose)
   at Microsoft.Data.SqlClient.TdsParser.TryRun(RunBehavior runBehavior, SqlCommand cmdHandler, SqlDataReader dataStream, BulkCopySimpleResultSet bulkCopyHandler, TdsParserStateObject stateObj, Boolean& dataReady)
   at Microsoft.Data.SqlClient.SqlDataReader.TryHasMoreRows(Boolean& moreRows)
   at Microsoft.Data.SqlClient.SqlDataReader.TryReadInternal(Boolean setTimeout, Boolean& more)
   at Microsoft.Data.SqlClient.SqlDataReader.Read()
   at System.Data.Common.DataAdapter.FillLoadDataRow(SchemaMapping mapping)
   at System.Data.Common.DataAdapter.FillFromReader(DataSet dataset, DataTable datatable, String srcTable, DataReaderContainer dataReader, Int32 startRecord, Int32 maxRecords, DataColumn parentChapterColumn, Object parentChapterValue)
   at System.Data.Common.DataAdapter.Fill(DataTable[] dataTables, IDataReader dataReader, Int32 startRecord, Int32 maxRecords)
   at System.Data.Common.DbDataAdapter.FillInternal(DataSet dataset, DataTable[] datatables, Int32 startRecord, Int32 maxRecords, String srcTable, IDbCommand command, CommandBehavior behavior)
   at System.Data.Common.DbDataAdapter.Fill(DataTable[] dataTables, Int32 startRecord, Int32 maxRecords, IDbCommand command, CommandBehavior behavior)
   at System.Data.Common.DbDataAdapter.Fill(DataTable dataTable)
   at WordQuest.DAL.DatabaseHelper.ExecuteQuery(String sql, SqlParameter[] parameters) in D:\Program_D\Dự án mới\WordQuest_1 - đang làm - Copy\WordQuest\DAL\DatabaseHelper.cs:line 128
   at WordQuest.DAL.WordDAL.LayDanhSachTu(WordFilterDTO filter) in D:\Program_D\Dự án mới\WordQuest_1 - đang làm - Copy\WordQuest\DAL\WordDAL.cs:line 220
   at WordQuest.BUS.WordBUS.LayDanhSachTu(WordFilterDTO filter) in D:\Program_D\Dự án mới\WordQuest_1 - đang làm - Copy\WordQuest\BUS\WordBUS.cs:line 88
   at WordQuest.GUI.frmAdmin.LoadWords() in D:\Program_D\Dự án mới\WordQuest_1 - đang làm - Copy\WordQuest\GUI\frmAdmin.cs:line 224
   at WordQuest.GUI.frmAdmin.TreeTopics_AfterSelect(Object sender, TreeViewEventArgs e) in D:\Program_D\Dự án mới\WordQuest_1 - đang làm - Copy\WordQuest\GUI\frmAdmin.cs:line 292
   at System.Windows.Forms.TreeView.OnAfterSelect(TreeViewEventArgs e)
   at System.Windows.Forms.TreeView.TvnSelected(NMTREEVIEWW* nmtv)
   at System.Windows.Forms.TreeView.WmNotify(Message& m)
   at System.Windows.Forms.TreeView.WndProc(Message& m)
   at System.Windows.Forms.NativeWindow.Callback(HWND hWnd, UInt32 msg, WPARAM wparam, LPARAM lparam)
ClientConnectionId:9d7b7410-a4d9-4476-ab5a-91651a21275d
Error Number:245,State:1,Class:16
2026-06-14 09:54:59.5535|ERROR|WordQuest.DAL.DatabaseHelper|ExecuteQuery failed. SQL: SELECT TOP 1000 w.MaTu AS WordID, w.MaChuDe AS TopicID, t.TenChuDe AS TopicName,
                          w.TiengAnh AS EnglishWord, w.PhienAm AS Phonetic, w.NghiaTiengViet AS VietnameseMeaning,
                          w.DoKho AS DifficultyLevel, w.BieuTuong AS EmojiIcon, w.DuongDanAnh AS ImagePath, w.MaAnh AS ImageID
                   FROM Words w
                   INNER JOIN Topics t ON w.MaChuDe = t.MaChuDe
                   WHERE 1=1 AND w.DoKho = @diff ORDER BY t.TenChuDe, w.TiengAnh Microsoft.Data.SqlClient.SqlException (0x80131904): Conversion failed when converting the nvarchar value 'Táº¥t cáº£' to data type int.
   at Microsoft.Data.SqlClient.SqlConnection.OnError(SqlException exception, Boolean breakConnection, Action`1 wrapCloseInAction)
   at Microsoft.Data.SqlClient.SqlInternalConnection.OnError(SqlException exception, Boolean breakConnection, Action`1 wrapCloseInAction)
   at Microsoft.Data.SqlClient.TdsParser.ThrowExceptionAndWarning(TdsParserStateObject stateObj, SqlCommand command, Boolean callerHasConnectionLock, Boolean asyncClose)
   at Microsoft.Data.SqlClient.TdsParser.TryRun(RunBehavior runBehavior, SqlCommand cmdHandler, SqlDataReader dataStream, BulkCopySimpleResultSet bulkCopyHandler, TdsParserStateObject stateObj, Boolean& dataReady)
   at Microsoft.Data.SqlClient.SqlDataReader.TryHasMoreRows(Boolean& moreRows)
   at Microsoft.Data.SqlClient.SqlDataReader.TryReadInternal(Boolean setTimeout, Boolean& more)
   at Microsoft.Data.SqlClient.SqlDataReader.Read()
   at System.Data.Common.DataAdapter.FillLoadDataRow(SchemaMapping mapping)
   at System.Data.Common.DataAdapter.FillFromReader(DataSet dataset, DataTable datatable, String srcTable, DataReaderContainer dataReader, Int32 startRecord, Int32 maxRecords, DataColumn parentChapterColumn, Object parentChapterValue)
   at System.Data.Common.DataAdapter.Fill(DataTable[] dataTables, IDataReader dataReader, Int32 startRecord, Int32 maxRecords)
   at System.Data.Common.DbDataAdapter.FillInternal(DataSet dataset, DataTable[] datatables, Int32 startRecord, Int32 maxRecords, String srcTable, IDbCommand command, CommandBehavior behavior)
   at System.Data.Common.DbDataAdapter.Fill(DataTable[] dataTables, Int32 startRecord, Int32 maxRecords, IDbCommand command, CommandBehavior behavior)
   at System.Data.Common.DbDataAdapter.Fill(DataTable dataTable)
   at WordQuest.DAL.DatabaseHelper.ExecuteQuery(String sql, SqlParameter[] parameters) in D:\Program_D\Dự án mới\WordQuest_1 - đang làm - Copy\WordQuest\DAL\DatabaseHelper.cs:line 128
ClientConnectionId:9d7b7410-a4d9-4476-ab5a-91651a21275d
Error Number:245,State:1,Class:16
2026-06-14 10:01:51.1656|INFO|WordQuest.Program|================================================== 
2026-06-14 10:01:51.2208|INFO|WordQuest.Program|WordQuest App Started. Version: 1.0.0 
2026-06-14 10:10:08.1190|INFO|WordQuest.Program|================================================== 
2026-06-14 10:10:08.1697|INFO|WordQuest.Program|WordQuest App Started. Version: 1.0.0 
2026-06-14 10:32:00.6220|INFO|WordQuest.Program|================================================== 
2026-06-14 10:32:00.6769|INFO|WordQuest.Program|WordQuest App Started. Version: 1.0.0 
2026-06-14 10:33:02.2575|INFO|WordQuest.Program|================================================== 
2026-06-14 10:33:02.3152|INFO|WordQuest.Program|WordQuest App Started. Version: 1.0.0 
2026-06-14 10:33:35.3743|INFO|WordQuest.Program|WordQuest App Closed. 
2026-06-14 11:54:23.9751|INFO|WordQuest.Program|================================================== 
2026-06-14 11:54:24.0225|INFO|WordQuest.Program|WordQuest App Started. Version: 1.0.0 
2026-06-14 12:14:40.8201|INFO|WordQuest.Program|================================================== 
2026-06-14 12:14:40.8667|INFO|WordQuest.Program|WordQuest App Started. Version: 1.0.0 
2026-06-14 12:16:29.3016|FATAL|WordQuest.Program|Unhandled ThreadException occurred. System.ArgumentException: Column 'MaAnh' does not belong to table .
   at System.Data.DataRow.get_Item(String columnName)
   at WordQuest.GUI.frmImage.LoadLibrary(String tuKhoa, String filter) in D:\Program_D\Dự án mới\WordQuest_1 - đang làm - Copy\WordQuest\GUI\frmImage.cs:line 84
   at WordQuest.GUI.frmImage.cboFilterImage_SelectedIndexChanged(Object sender, EventArgs e) in D:\Program_D\Dự án mới\WordQuest_1 - đang làm - Copy\WordQuest\GUI\frmImage.cs:line 185
   at System.Threading.Tasks.Task.<>c.<ThrowAsync>b__124_0(Object state)
   at System.Windows.Forms.Control.InvokeMarshaledCallbackHelper(Object obj)
   at System.Threading.ExecutionContext.RunInternal(ExecutionContext executionContext, ContextCallback callback, Object state)
--- End of stack trace from previous location ---
   at System.Threading.ExecutionContext.RunInternal(ExecutionContext executionContext, ContextCallback callback, Object state)
   at System.Windows.Forms.Control.InvokeMarshaledCallbacks()
2026-06-14 12:19:13.1492|INFO|WordQuest.Program|================================================== 
2026-06-14 12:19:13.2034|INFO|WordQuest.Program|WordQuest App Started. Version: 1.0.0 
2026-06-14 19:55:25.2703|INFO|WordQuest.Program|================================================== 
2026-06-14 19:55:25.3945|INFO|WordQuest.Program|WordQuest App Started. Version: 1.0.0 
2026-06-14 19:57:37.9084|INFO|WordQuest.Program|================================================== 
2026-06-14 19:57:37.9575|INFO|WordQuest.Program|WordQuest App Started. Version: 1.0.0 
2026-06-14 20:06:14.0829|INFO|WordQuest.Program|================================================== 
2026-06-14 20:06:15.2008|INFO|WordQuest.Program|WordQuest App Started. Version: 1.0.0 
