2026-06-19 00:06:54.6264|INFO|WordQuest.Program|================================================== 
2026-06-19 00:06:54.6925|INFO|WordQuest.Program|WordQuest App Started. Version: 1.0.0 
2026-06-19 00:07:09.8571|ERROR|WordQuest.DAL.DatabaseHelper|ExecuteScalar failed. SQL: sp_GetTopScore Microsoft.Data.SqlClient.SqlException (0x80131904): Invalid column name 'TotalScore'.
   at Microsoft.Data.SqlClient.SqlConnection.OnError(SqlException exception, Boolean breakConnection, Action`1 wrapCloseInAction)
   at Microsoft.Data.SqlClient.SqlInternalConnection.OnError(SqlException exception, Boolean breakConnection, Action`1 wrapCloseInAction)
   at Microsoft.Data.SqlClient.TdsParser.ThrowExceptionAndWarning(TdsParserStateObject stateObj, SqlCommand command, Boolean callerHasConnectionLock, Boolean asyncClose)
   at Microsoft.Data.SqlClient.TdsParser.TryRun(RunBehavior runBehavior, SqlCommand cmdHandler, SqlDataReader dataStream, BulkCopySimpleResultSet bulkCopyHandler, TdsParserStateObject stateObj, Boolean& dataReady)
   at Microsoft.Data.SqlClient.SqlDataReader.TryConsumeMetaData()
   at Microsoft.Data.SqlClient.SqlDataReader.get_MetaData()
   at Microsoft.Data.SqlClient.SqlCommand.FinishExecuteReader(SqlDataReader ds, RunBehavior runBehavior, String resetOptionsString, Boolean isInternal, Boolean forDescribeParameterEncryption, Boolean shouldCacheForAlwaysEncrypted)
   at Microsoft.Data.SqlClient.SqlCommand.RunExecuteReaderTds(CommandBehavior cmdBehavior, RunBehavior runBehavior, Boolean returnStream, Boolean isAsync, Int32 timeout, Task& task, Boolean asyncWrite, Boolean inRetry, SqlDataReader ds, Boolean describeParameterEncryptionRequest)
   at Microsoft.Data.SqlClient.SqlCommand.RunExecuteReader(CommandBehavior cmdBehavior, RunBehavior runBehavior, Boolean returnStream, TaskCompletionSource`1 completion, Int32 timeout, Task& task, Boolean& usedCache, Boolean asyncWrite, Boolean inRetry, String method)
   at Microsoft.Data.SqlClient.SqlCommand.RunExecuteReader(CommandBehavior cmdBehavior, RunBehavior runBehavior, Boolean returnStream, String method)
   at Microsoft.Data.SqlClient.SqlCommand.ExecuteScalar()
   at WordQuest.DAL.DatabaseHelper.ExecuteScalar(String sql, SqlParameter[] parameters, SqlTransaction transaction, CommandType commandType) in C:\Users\LEGION\Desktop\Huy\Kì 2 năm 2\Ki2_Nam2\202605_Dự án KTLT\WordQuest_1 - Copy\WordQuest\DAL\DatabaseHelper.cs:line 89
ClientConnectionId:a62c1545-92ba-40cc-b986-349bb1338d75
Error Number:207,State:1,Class:16
2026-06-19 00:08:45.9476|INFO|WordQuest.Program|================================================== 
2026-06-19 00:08:45.9963|INFO|WordQuest.Program|WordQuest App Started. Version: 1.0.0 
2026-06-19 00:12:12.3802|ERROR|WordQuest.DAL.DatabaseHelper|ExecuteScalar failed. SQL: sp_GetTopScore Microsoft.Data.SqlClient.SqlException (0x80131904): Invalid column name 'TotalScore'.
   at Microsoft.Data.SqlClient.SqlConnection.OnError(SqlException exception, Boolean breakConnection, Action`1 wrapCloseInAction)
   at Microsoft.Data.SqlClient.SqlInternalConnection.OnError(SqlException exception, Boolean breakConnection, Action`1 wrapCloseInAction)
   at Microsoft.Data.SqlClient.TdsParser.ThrowExceptionAndWarning(TdsParserStateObject stateObj, SqlCommand command, Boolean callerHasConnectionLock, Boolean asyncClose)
   at Microsoft.Data.SqlClient.TdsParser.TryRun(RunBehavior runBehavior, SqlCommand cmdHandler, SqlDataReader dataStream, BulkCopySimpleResultSet bulkCopyHandler, TdsParserStateObject stateObj, Boolean& dataReady)
   at Microsoft.Data.SqlClient.SqlDataReader.TryConsumeMetaData()
   at Microsoft.Data.SqlClient.SqlDataReader.get_MetaData()
   at Microsoft.Data.SqlClient.SqlCommand.FinishExecuteReader(SqlDataReader ds, RunBehavior runBehavior, String resetOptionsString, Boolean isInternal, Boolean forDescribeParameterEncryption, Boolean shouldCacheForAlwaysEncrypted)
   at Microsoft.Data.SqlClient.SqlCommand.RunExecuteReaderTds(CommandBehavior cmdBehavior, RunBehavior runBehavior, Boolean returnStream, Boolean isAsync, Int32 timeout, Task& task, Boolean asyncWrite, Boolean inRetry, SqlDataReader ds, Boolean describeParameterEncryptionRequest)
   at Microsoft.Data.SqlClient.SqlCommand.RunExecuteReader(CommandBehavior cmdBehavior, RunBehavior runBehavior, Boolean returnStream, TaskCompletionSource`1 completion, Int32 timeout, Task& task, Boolean& usedCache, Boolean asyncWrite, Boolean inRetry, String method)
   at Microsoft.Data.SqlClient.SqlCommand.RunExecuteReader(CommandBehavior cmdBehavior, RunBehavior runBehavior, Boolean returnStream, String method)
   at Microsoft.Data.SqlClient.SqlCommand.ExecuteScalar()
   at WordQuest.DAL.DatabaseHelper.ExecuteScalar(String sql, SqlParameter[] parameters, SqlTransaction transaction, CommandType commandType) in C:\Users\LEGION\Desktop\Huy\Kì 2 năm 2\Ki2_Nam2\202605_Dự án KTLT\WordQuest_1 - Copy\WordQuest\DAL\DatabaseHelper.cs:line 89
ClientConnectionId:1d44ac41-e660-45fd-b109-f4dea901d6f2
Error Number:207,State:1,Class:16
2026-06-19 00:16:34.2102|INFO|WordQuest.Program|================================================== 
2026-06-19 00:16:34.2595|INFO|WordQuest.Program|WordQuest App Started. Version: 1.0.0 
2026-06-19 00:18:06.4443|INFO|WordQuest.Program|================================================== 
2026-06-19 00:18:06.5004|INFO|WordQuest.Program|WordQuest App Started. Version: 1.0.0 
